<?xml version="1.0" encoding="UTF-8"?>
<!-- Generated by org.testng.reporters.JUnitReportReporter -->
<testsuite skipped="0" hostname="DESKTOP-R91SD8B" name="Amazon.Automation.Example1" tests="1" failures="0" timestamp="02 Aug 2020 03:48:28 GMT" time="2.383" errors="0">
  <testcase name="method1" time="2.383" classname="Amazon.Automation.Example1"/>
</testsuite> <!-- Amazon.Automation.Example1 -->
