<?xml version="1.0" encoding="UTF-8"?>
<!-- Generated by org.testng.reporters.JUnitReportReporter -->
<testsuite skipped="0" hostname="DESKTOP-R91SD8B" name="SeleniumPractice.sendkeys" tests="1" failures="0" timestamp="08 Aug 2020 14:32:19 GMT" time="1.245" errors="0">
  <testcase name="sendkeysmethod" time="1.245" classname="SeleniumPractice.sendkeys"/>
</testsuite> <!-- SeleniumPractice.sendkeys -->
