<?xml version="1.0" encoding="UTF-8"?>
<!-- Generated by org.testng.reporters.JUnitReportReporter -->
<testsuite skipped="0" hostname="DESKTOP-R91SD8B" name="SeleniumPractice.Screenshot" tests="1" failures="0" timestamp="10 Aug 2020 03:24:46 GMT" time="0.707" errors="0">
  <testcase name="waitmetods" time="0.707" classname="SeleniumPractice.Screenshot"/>
</testsuite> <!-- SeleniumPractice.Screenshot -->
