<?xml version="1.0" encoding="UTF-8"?>
<!-- Generated by org.testng.reporters.JUnitReportReporter -->
<testsuite skipped="0" hostname="DESKTOP-R91SD8B" name="SeleniumPractice.Wait" tests="1" failures="0" timestamp="08 Aug 2020 06:08:40 GMT" time="0.237" errors="0">
  <testcase name="Flipkart" time="0.237" classname="SeleniumPractice.Wait"/>
</testsuite> <!-- SeleniumPractice.Wait -->
